Temp/gradleOut/build/outputs/logs/manifest-merger-release-report.txt
-- Merging decision tree log ---
manifest
ADDED from src/main/AndroidManifest.xml:2:1-23:12
INJECTED from src/main/AndroidManifest.xml:2:1-23:12
INJECTED from src/main/AndroidManifest.xml:2:1-23:12
INJECTED from src/main/AndroidManifest.xml:2:1-23:12
MERGED from [:GoogleAIDL:] AndroidManifest.xml:2:1-12:12
MERGED from [:GooglePlay:] AndroidManifest.xml:2:1-40:12
MERGED from [:androidx.arch.core.core-runtime-2.0.0:] AndroidManifest.xml:17:1-22:12
MERGED from [:androidx.asynclayoutinflater.asynclayoutinflater-1.0.0:] AndroidManifest.xml:17:1-22:12
MERGED from [:androidx.browser.browser-1.0.0:] AndroidManifest.xml:17:1-22:12
MERGED from [:androidx.coordinatorlayout.coordinatorlayout-1.0.0:] AndroidManifest.xml:17:1-22:12
MERGED from [:androidx.core.core-1.0.0:] AndroidManifest.xml:17:1-24:12
MERGED from [:androidx.cursoradapter.cursoradapter-1.0.0:] AndroidManifest.xml:17:1-22:12
MERGED from [:androidx.customview.customview-1.0.0:] AndroidManifest.xml:17:1-22:12
MERGED from [:androidx.documentfile.documentfile-1.0.0:] AndroidManifest.xml:17:1-22:12
MERGED from [:androidx.drawerlayout.drawerlayout-1.0.0:] AndroidManifest.xml:17:1-22:12
MERGED from [:androidx.fragment.fragment-1.0.0:] AndroidManifest.xml:17:1-22:12
MERGED from [:androidx.interpolator.interpolator-1.0.0:] AndroidManifest.xml:17:1-22:12
MERGED from [:androidx.legacy.legacy-support-core-ui-1.0.0:] AndroidManifest.xml:17:1-22:12
MERGED from [:androidx.legacy.legacy-support-core-utils-1.0.0:] AndroidManifest.xml:17:1-22:12
MERGED from [:androidx.lifecycle.lifecycle-livedata-2.0.0:] AndroidManifest.xml:17:1-22:12
MERGED from [:androidx.lifecycle.lifecycle-livedata-core-2.0.0:] AndroidManifest.xml:17:1-22:12
MERGED from [:androidx.lifecycle.lifecycle-runtime-2.0.0:] AndroidManifest.xml:17:1-22:12
MERGED from [:androidx.lifecycle.lifecycle-viewmodel-2.0.0:] AndroidManifest.xml:17:1-22:12
MERGED from [:androidx.loader.loader-1.0.0:] AndroidManifest.xml:17:1-22:12
MERGED from [:androidx.localbroadcastmanager.localbroadcastmanager-1.0.0:] AndroidManifest.xml:17:1-22:12
MERGED from [:androidx.print.print-1.0.0:] AndroidManifest.xml:17:1-22:12
MERGED from [:androidx.slidingpanelayout.slidingpanelayout-1.0.0:] AndroidManifest.xml:17:1-22:12
MERGED from [:androidx.swiperefreshlayout.swiperefreshlayout-1.0.0:] AndroidManifest.xml:17:1-22:12
MERGED from [:androidx.versionedparcelable.versionedparcelable-1.0.0:] AndroidManifest.xml:17:1-25:12
MERGED from [:androidx.viewpager.viewpager-1.0.0:] AndroidManifest.xml:17:1-22:12
MERGED from [:com.google.android.gms.play-services-ads-18.1.1:] AndroidManifest.xml:17:1-25:12
MERGED from [:com.google.android.gms.play-services-ads-base-18.1.1:] AndroidManifest.xml:2:1-9:12
MERGED from [:com.google.android.gms.play-services-ads-identifier-17.0.0:] AndroidManifest.xml:17:1-24:12
MERGED from [:com.google.android.gms.play-services-ads-lite-18.1.1:] AndroidManifest.xml:17:1-27:12
MERGED from [:com.google.android.gms.play-services-auth-16.0.1:] AndroidManifest.xml:17:1-39:12
MERGED from [:com.google.android.gms.play-services-auth-api-phone-16.0.0:] AndroidManifest.xml:2:1-7:12
MERGED from [:com.google.android.gms.play-services-auth-base-16.0.0:] AndroidManifest.xml:2:1-7:12
MERGED from [:com.google.android.gms.play-services-base-16.0.1:] AndroidManifest.xml:17:1-29:12
MERGED from [:com.google.android.gms.play-services-basement-17.0.0:] AndroidManifest.xml:17:1-28:12
MERGED from [:com.google.android.gms.play-services-drive-16.0.0:] AndroidManifest.xml:17:1-24:12
MERGED from [:com.google.android.gms.play-services-games-17.0.0:] AndroidManifest.xml:17:1-24:12
MERGED from [:com.google.android.gms.play-services-gass-18.1.1:] AndroidManifest.xml:2:1-9:12
MERGED from [:com.google.android.gms.play-services-measurement-17.0.0:] AndroidManifest.xml:17:1-55:12
MERGED from [:com.google.android.gms.play-services-measurement-base-17.0.0:] AndroidManifest.xml:2:1-9:12
MERGED from [:com.google.android.gms.play-services-measurement-impl-17.0.0:] AndroidManifest.xml:17:1-40:12
MERGED from [:com.google.android.gms.play-services-measurement-sdk-17.0.0:] AndroidManifest.xml:17:1-25:12
MERGED from [:com.google.android.gms.play-services-measurement-sdk-api-17.0.0:] AndroidManifest.xml:17:1-40:12
MERGED from [:com.google.android.gms.play-services-nearby-16.0.0:] AndroidManifest.xml:2:1-11:12
MERGED from [:com.google.android.gms.play-services-stats-17.0.0:] AndroidManifest.xml:2:1-9:12
MERGED from [:com.google.android.gms.play-services-tasks-16.0.1:] AndroidManifest.xml:2:1-9:12
MERGED from [:com.google.games.gpgs-plugin-support-0.9.64:] AndroidManifest.xml:2:1-11:12
MERGED from [:common:] AndroidManifest.xml:2:1-12:12
MERGED from [:GoogleMobileAdsPlugin] AndroidManifest.xml:2:1-21:12
MERGED from [:GooglePlayGamesManifest.plugin] AndroidManifest.xml:6:1-32:12
MERGED from [:unity-android-resources] AndroidManifest.xml:2:1-9:12
INJECTED from src/main/AndroidManifest.xml:2:1-23:12
INJECTED from src/main/AndroidManifest.xml:2:1-23:12
INJECTED from src/main/AndroidManifest.xml:2:1-23:12
	package
		ADDED from src/main/AndroidManifest.xml:2:70-102
		INJECTED from src/main/AndroidManifest.xml
		INJECTED from src/main/AndroidManifest.xml
	android:versionName
		INJECTED from src/main/AndroidManifest.xml
		ADDED from src/main/AndroidManifest.xml:2:1-23:12
		INJECTED from src/main/AndroidManifest.xml
	xmlns:tools
		ADDED from src/main/AndroidManifest.xml:2:103-149
	android:versionCode
		INJECTED from src/main/AndroidManifest.xml
		ADDED from src/main/AndroidManifest.xml:2:1-23:12
		INJECTED from src/main/AndroidManifest.xml
	xmlns:android
		ADDED from src/main/AndroidManifest.xml:2:11-69
	android:installLocation
		ADDED from src/main/AndroidManifest.xml:2:150-190
supports-screens
ADDED from src/main/AndroidManifest.xml:3:3-163
	android:largeScreens
		ADDED from src/main/AndroidManifest.xml:3:78-105
	android:smallScreens
		ADDED from src/main/AndroidManifest.xml:3:21-48
	android:normalScreens
		ADDED from src/main/AndroidManifest.xml:3:49-77
	android:xlargeScreens
		ADDED from src/main/AndroidManifest.xml:3:106-134
	android:anyDensity
		ADDED from src/main/AndroidManifest.xml:3:135-160
application
ADDED from src/main/AndroidManifest.xml:4:3-16:17
MERGED from [:GoogleAIDL:] AndroidManifest.xml:9:5-10:19
MERGED from [:GoogleAIDL:] AndroidManifest.xml:9:5-10:19
MERGED from [:GooglePlay:] AndroidManifest.xml:22:5-38:19
MERGED from [:GooglePlay:] AndroidManifest.xml:22:5-38:19
MERGED from [:androidx.core.core-1.0.0:] AndroidManifest.xml:22:5-89
MERGED from [:androidx.core.core-1.0.0:] AndroidManifest.xml:22:5-89
MERGED from [:androidx.versionedparcelable.versionedparcelable-1.0.0:] AndroidManifest.xml:22:5-23:19
MERGED from [:androidx.versionedparcelable.versionedparcelable-1.0.0:] AndroidManifest.xml:22:5-23:19
MERGED from [:com.google.android.gms.play-services-ads-base-18.1.1:] AndroidManifest.xml:7:5-20
MERGED from [:com.google.android.gms.play-services-ads-base-18.1.1:] AndroidManifest.xml:7:5-20
MERGED from [:com.google.android.gms.play-services-ads-identifier-17.0.0:] AndroidManifest.xml:22:5-20
MERGED from [:com.google.android.gms.play-services-ads-identifier-17.0.0:] AndroidManifest.xml:22:5-20
MERGED from [:com.google.android.gms.play-services-ads-lite-18.1.1:] AndroidManifest.xml:22:3-26:17
MERGED from [:com.google.android.gms.play-services-ads-lite-18.1.1:] AndroidManifest.xml:22:3-26:17
MERGED from [:com.google.android.gms.play-services-auth-16.0.1:] AndroidManifest.xml:22:5-37:19
MERGED from [:com.google.android.gms.play-services-auth-16.0.1:] AndroidManifest.xml:22:5-37:19
MERGED from [:com.google.android.gms.play-services-base-16.0.1:] AndroidManifest.xml:22:5-27:19
MERGED from [:com.google.android.gms.play-services-base-16.0.1:] AndroidManifest.xml:22:5-27:19
MERGED from [:com.google.android.gms.play-services-basement-17.0.0:] AndroidManifest.xml:22:5-26:19
MERGED from [:com.google.android.gms.play-services-basement-17.0.0:] AndroidManifest.xml:22:5-26:19
MERGED from [:com.google.android.gms.play-services-drive-16.0.0:] AndroidManifest.xml:22:5-20
MERGED from [:com.google.android.gms.play-services-drive-16.0.0:] AndroidManifest.xml:22:5-20
MERGED from [:com.google.android.gms.play-services-games-17.0.0:] AndroidManifest.xml:22:5-20
MERGED from [:com.google.android.gms.play-services-games-17.0.0:] AndroidManifest.xml:22:5-20
MERGED from [:com.google.android.gms.play-services-gass-18.1.1:] AndroidManifest.xml:7:5-20
MERGED from [:com.google.android.gms.play-services-gass-18.1.1:] AndroidManifest.xml:7:5-20
MERGED from [:com.google.android.gms.play-services-measurement-17.0.0:] AndroidManifest.xml:28:5-53:19
MERGED from [:com.google.android.gms.play-services-measurement-17.0.0:] AndroidManifest.xml:28:5-53:19
MERGED from [:com.google.android.gms.play-services-measurement-base-17.0.0:] AndroidManifest.xml:7:5-20
MERGED from [:com.google.android.gms.play-services-measurement-base-17.0.0:] AndroidManifest.xml:7:5-20
MERGED from [:com.google.android.gms.play-services-measurement-impl-17.0.0:] AndroidManifest.xml:28:5-38:19
MERGED from [:com.google.android.gms.play-services-measurement-impl-17.0.0:] AndroidManifest.xml:28:5-38:19
MERGED from [:com.google.android.gms.play-services-measurement-sdk-17.0.0:] AndroidManifest.xml:22:5-23:19
MERGED from [:com.google.android.gms.play-services-measurement-sdk-17.0.0:] AndroidManifest.xml:22:5-23:19
MERGED from [:com.google.android.gms.play-services-measurement-sdk-api-17.0.0:] AndroidManifest.xml:28:5-38:19
MERGED from [:com.google.android.gms.play-services-measurement-sdk-api-17.0.0:] AndroidManifest.xml:28:5-38:19
MERGED from [:com.google.android.gms.play-services-nearby-16.0.0:] AndroidManifest.xml:9:5-20
MERGED from [:com.google.android.gms.play-services-nearby-16.0.0:] AndroidManifest.xml:9:5-20
MERGED from [:com.google.android.gms.play-services-stats-17.0.0:] AndroidManifest.xml:7:5-20
MERGED from [:com.google.android.gms.play-services-stats-17.0.0:] AndroidManifest.xml:7:5-20
MERGED from [:com.google.android.gms.play-services-tasks-16.0.1:] AndroidManifest.xml:7:5-20
MERGED from [:com.google.android.gms.play-services-tasks-16.0.1:] AndroidManifest.xml:7:5-20
MERGED from [:com.google.games.gpgs-plugin-support-0.9.64:] AndroidManifest.xml:9:5-20
MERGED from [:com.google.games.gpgs-plugin-support-0.9.64:] AndroidManifest.xml:9:5-20
MERGED from [:common:] AndroidManifest.xml:9:5-10:19
MERGED from [:common:] AndroidManifest.xml:9:5-10:19
MERGED from [:GoogleMobileAdsPlugin] AndroidManifest.xml:11:5-19:19
MERGED from [:GoogleMobileAdsPlugin] AndroidManifest.xml:11:5-19:19
MERGED from [:GooglePlayGamesManifest.plugin] AndroidManifest.xml:15:5-30:19
MERGED from [:GooglePlayGamesManifest.plugin] AndroidManifest.xml:15:5-30:19
	android:appComponentFactory
		ADDED from [:androidx.core.core-1.0.0:] AndroidManifest.xml:22:18-86
	android:label
		ADDED from src/main/AndroidManifest.xml:4:90-122
	android:fullBackupContent
		ADDED from src/main/AndroidManifest.xml:4:123-171
	android:roundIcon
		ADDED from src/main/AndroidManifest.xml:4:232-274
	android:allowBackup
		ADDED from [:GooglePlay:] AndroidManifest.xml:22:18-44
	android:icon
		ADDED from src/main/AndroidManifest.xml:4:58-89
	android:banner
		ADDED from src/main/AndroidManifest.xml:4:194-231
	android:theme
		ADDED from src/main/AndroidManifest.xml:4:16-57
	android:isGame
		ADDED from src/main/AndroidManifest.xml:4:172-193
activity#com.unity3d.player.UnityPlayerActivity
ADDED from src/main/AndroidManifest.xml:5:5-12:16
	android:screenOrientation
		ADDED from src/main/AndroidManifest.xml:5:102-145
	android:label
		ADDED from src/main/AndroidManifest.xml:5:69-101
	android:launchMode
		ADDED from src/main/AndroidManifest.xml:5:146-177
	android:hardwareAccelerated
		ADDED from src/main/AndroidManifest.xml:5:360-395
	android:configChanges
		ADDED from src/main/AndroidManifest.xml:5:178-359
	android:name
		ADDED from src/main/AndroidManifest.xml:5:15-68
intent-filter#action:name:android.intent.action.MAIN+category:name:android.intent.category.LAUNCHER+category:name:android.intent.category.LEANBACK_LAUNCHER
ADDED from src/main/AndroidManifest.xml:6:7-10:23
action#android.intent.action.MAIN
ADDED from src/main/AndroidManifest.xml:7:9-61
	android:name
		ADDED from src/main/AndroidManifest.xml:7:17-58
category#android.intent.category.LAUNCHER
ADDED from src/main/AndroidManifest.xml:8:9-69
	android:name
		ADDED from src/main/AndroidManifest.xml:8:19-66
category#android.intent.category.LEANBACK_LAUNCHER
ADDED from src/main/AndroidManifest.xml:9:9-78
	android:name
		ADDED from src/main/AndroidManifest.xml:9:19-75
meta-data#unityplayer.UnityActivity
ADDED from src/main/AndroidManifest.xml:11:7-82
	android:value
		ADDED from src/main/AndroidManifest.xml:11:59-79
	android:name
		ADDED from src/main/AndroidManifest.xml:11:18-58
meta-data#unity.build-id
ADDED from src/main/AndroidManifest.xml:13:5-101
	android:value
		ADDED from src/main/AndroidManifest.xml:13:46-98
	android:name
		ADDED from src/main/AndroidManifest.xml:13:16-45
meta-data#unity.splash-mode
ADDED from src/main/AndroidManifest.xml:14:5-69
	android:value
		ADDED from src/main/AndroidManifest.xml:14:49-66
	android:name
		ADDED from src/main/AndroidManifest.xml:14:16-48
meta-data#unity.splash-enable
ADDED from src/main/AndroidManifest.xml:15:5-74
	android:value
		ADDED from src/main/AndroidManifest.xml:15:51-71
	android:name
		ADDED from src/main/AndroidManifest.xml:15:16-50
uses-feature#0x00020000
ADDED from src/main/AndroidManifest.xml:17:3-52
	android:glEsVersion
		ADDED from src/main/AndroidManifest.xml:17:17-49
uses-permission#android.permission.INTERNET
ADDED from src/main/AndroidManifest.xml:18:3-65
MERGED from [:GooglePlay:] AndroidManifest.xml:11:5-67
MERGED from [:GooglePlay:] AndroidManifest.xml:11:5-67
MERGED from [:com.google.android.gms.play-services-ads-lite-18.1.1:] AndroidManifest.xml:20:3-65
MERGED from [:com.google.android.gms.play-services-ads-lite-18.1.1:] AndroidManifest.xml:20:3-65
MERGED from [:com.google.android.gms.play-services-measurement-17.0.0:] AndroidManifest.xml:23:5-67
MERGED from [:com.google.android.gms.play-services-measurement-17.0.0:] AndroidManifest.xml:23:5-67
MERGED from [:com.google.android.gms.play-services-measurement-impl-17.0.0:] AndroidManifest.xml:23:5-67
MERGED from [:com.google.android.gms.play-services-measurement-impl-17.0.0:] AndroidManifest.xml:23:5-67
MERGED from [:com.google.android.gms.play-services-measurement-sdk-api-17.0.0:] AndroidManifest.xml:23:5-67
MERGED from [:com.google.android.gms.play-services-measurement-sdk-api-17.0.0:] AndroidManifest.xml:23:5-67
	android:name
		ADDED from src/main/AndroidManifest.xml:18:20-62
uses-permission#android.permission.CHANGE_WIFI_MULTICAST_STATE
ADDED from src/main/AndroidManifest.xml:19:3-84
	android:name
		ADDED from src/main/AndroidManifest.xml:19:20-81
uses-feature#android.hardware.touchscreen
ADDED from src/main/AndroidManifest.xml:20:3-88
	android:required
		ADDED from src/main/AndroidManifest.xml:20:61-85
	android:name
		ADDED from src/main/AndroidManifest.xml:20:17-60
uses-feature#android.hardware.touchscreen.multitouch
ADDED from src/main/AndroidManifest.xml:21:3-99
	android:required
		ADDED from src/main/AndroidManifest.xml:21:72-96
	android:name
		ADDED from src/main/AndroidManifest.xml:21:17-71
uses-feature#android.hardware.touchscreen.multitouch.distinct
ADDED from src/main/AndroidManifest.xml:22:3-108
	android:required
		ADDED from src/main/AndroidManifest.xml:22:81-105
	android:name
		ADDED from src/main/AndroidManifest.xml:22:17-80
uses-sdk
INJECTED from src/main/AndroidManifest.xml reason: use-sdk injection requested
INJECTED from src/main/AndroidManifest.xml
INJECTED from src/main/AndroidManifest.xml
MERGED from [:GoogleAIDL:] AndroidManifest.xml:7:5-43
MERGED from [:GoogleAIDL:] AndroidManifest.xml:7:5-43
MERGED from [:GooglePlay:] AndroidManifest.xml:7:5-9:41
MERGED from [:GooglePlay:] AndroidManifest.xml:7:5-9:41
MERGED from [:androidx.arch.core.core-runtime-2.0.0:] AndroidManifest.xml:20:5-44
MERGED from [:androidx.arch.core.core-runtime-2.0.0:] AndroidManifest.xml:20:5-44
MERGED from [:androidx.asynclayoutinflater.asynclayoutinflater-1.0.0:] AndroidManifest.xml:20:5-44
MERGED from [:androidx.asynclayoutinflater.asynclayoutinflater-1.0.0:] AndroidManifest.xml:20:5-44
MERGED from [:androidx.browser.browser-1.0.0:] AndroidManifest.xml:20:5-44
MERGED from [:androidx.browser.browser-1.0.0:] AndroidManifest.xml:20:5-44
MERGED from [:androidx.coordinatorlayout.coordinatorlayout-1.0.0:] AndroidManifest.xml:20:5-44
MERGED from [:androidx.coordinatorlayout.coordinatorlayout-1.0.0:] AndroidManifest.xml:20:5-44
MERGED from [:androidx.core.core-1.0.0:] AndroidManifest.xml:20:5-44
MERGED from [:androidx.core.core-1.0.0:] AndroidManifest.xml:20:5-44
MERGED from [:androidx.cursoradapter.cursoradapter-1.0.0:] AndroidManifest.xml:20:5-44
MERGED from [:androidx.cursoradapter.cursoradapter-1.0.0:] AndroidManifest.xml:20:5-44
MERGED from [:androidx.customview.customview-1.0.0:] AndroidManifest.xml:20:5-44
MERGED from [:androidx.customview.customview-1.0.0:] AndroidManifest.xml:20:5-44
MERGED from [:androidx.documentfile.documentfile-1.0.0:] AndroidManifest.xml:20:5-44
MERGED from [:androidx.documentfile.documentfile-1.0.0:] AndroidManifest.xml:20:5-44
MERGED from [:androidx.drawerlayout.drawerlayout-1.0.0:] AndroidManifest.xml:20:5-44
MERGED from [:androidx.drawerlayout.drawerlayout-1.0.0:] AndroidManifest.xml:20:5-44
MERGED from [:androidx.fragment.fragment-1.0.0:] AndroidManifest.xml:20:5-44
MERGED from [:androidx.fragment.fragment-1.0.0:] AndroidManifest.xml:20:5-44
MERGED from [:androidx.interpolator.interpolator-1.0.0:] AndroidManifest.xml:20:5-44
MERGED from [:androidx.interpolator.interpolator-1.0.0:] AndroidManifest.xml:20:5-44
MERGED from [:androidx.legacy.legacy-support-core-ui-1.0.0:] AndroidManifest.xml:20:5-44
MERGED from [:androidx.legacy.legacy-support-core-ui-1.0.0:] AndroidManifest.xml:20:5-44
MERGED from [:androidx.legacy.legacy-support-core-utils-1.0.0:] AndroidManifest.xml:20:5-44
MERGED from [:androidx.legacy.legacy-support-core-utils-1.0.0:] AndroidManifest.xml:20:5-44
MERGED from [:androidx.lifecycle.lifecycle-livedata-2.0.0:] AndroidManifest.xml:20:5-44
MERGED from [:androidx.lifecycle.lifecycle-livedata-2.0.0:] AndroidManifest.xml:20:5-44
MERGED from [:androidx.lifecycle.lifecycle-livedata-core-2.0.0:] AndroidManifest.xml:20:5-44
MERGED from [:androidx.lifecycle.lifecycle-livedata-core-2.0.0:] AndroidManifest.xml:20:5-44
MERGED from [:androidx.lifecycle.lifecycle-runtime-2.0.0:] AndroidManifest.xml:20:5-44
MERGED from [:androidx.lifecycle.lifecycle-runtime-2.0.0:] AndroidManifest.xml:20:5-44
MERGED from [:androidx.lifecycle.lifecycle-viewmodel-2.0.0:] AndroidManifest.xml:20:5-44
MERGED from [:androidx.lifecycle.lifecycle-viewmodel-2.0.0:] AndroidManifest.xml:20:5-44
MERGED from [:androidx.loader.loader-1.0.0:] AndroidManifest.xml:20:5-44
MERGED from [:androidx.loader.loader-1.0.0:] AndroidManifest.xml:20:5-44
MERGED from [:androidx.localbroadcastmanager.localbroadcastmanager-1.0.0:] AndroidManifest.xml:20:5-44
MERGED from [:androidx.localbroadcastmanager.localbroadcastmanager-1.0.0:] AndroidManifest.xml:20:5-44
MERGED from [:androidx.print.print-1.0.0:] AndroidManifest.xml:20:5-44
MERGED from [:androidx.print.print-1.0.0:] AndroidManifest.xml:20:5-44
MERGED from [:androidx.slidingpanelayout.slidingpanelayout-1.0.0:] AndroidManifest.xml:20:5-44
MERGED from [:androidx.slidingpanelayout.slidingpanelayout-1.0.0:] AndroidManifest.xml:20:5-44
MERGED from [:androidx.swiperefreshlayout.swiperefreshlayout-1.0.0:] AndroidManifest.xml:20:5-44
MERGED from [:androidx.swiperefreshlayout.swiperefreshlayout-1.0.0:] AndroidManifest.xml:20:5-44
MERGED from [:androidx.versionedparcelable.versionedparcelable-1.0.0:] AndroidManifest.xml:20:5-44
MERGED from [:androidx.versionedparcelable.versionedparcelable-1.0.0:] AndroidManifest.xml:20:5-44
MERGED from [:androidx.viewpager.viewpager-1.0.0:] AndroidManifest.xml:20:5-44
MERGED from [:androidx.viewpager.viewpager-1.0.0:] AndroidManifest.xml:20:5-44
MERGED from [:com.google.android.gms.play-services-ads-18.1.1:] AndroidManifest.xml:21:5-23:52
MERGED from [:com.google.android.gms.play-services-ads-18.1.1:] AndroidManifest.xml:21:5-23:52
MERGED from [:com.google.android.gms.play-services-ads-base-18.1.1:] AndroidManifest.xml:5:5-44
MERGED from [:com.google.android.gms.play-services-ads-base-18.1.1:] AndroidManifest.xml:5:5-44
MERGED from [:com.google.android.gms.play-services-ads-identifier-17.0.0:] AndroidManifest.xml:20:5-44
MERGED from [:com.google.android.gms.play-services-ads-identifier-17.0.0:] AndroidManifest.xml:20:5-44
MERGED from [:com.google.android.gms.play-services-ads-lite-18.1.1:] AndroidManifest.xml:18:3-42
MERGED from [:com.google.android.gms.play-services-ads-lite-18.1.1:] AndroidManifest.xml:18:3-42
MERGED from [:com.google.android.gms.play-services-auth-16.0.1:] AndroidManifest.xml:20:5-44
MERGED from [:com.google.android.gms.play-services-auth-16.0.1:] AndroidManifest.xml:20:5-44
MERGED from [:com.google.android.gms.play-services-auth-api-phone-16.0.0:] AndroidManifest.xml:5:5-44
MERGED from [:com.google.android.gms.play-services-auth-api-phone-16.0.0:] AndroidManifest.xml:5:5-44
MERGED from [:com.google.android.gms.play-services-auth-base-16.0.0:] AndroidManifest.xml:5:5-44
MERGED from [:com.google.android.gms.play-services-auth-base-16.0.0:] AndroidManifest.xml:5:5-44
MERGED from [:com.google.android.gms.play-services-base-16.0.1:] AndroidManifest.xml:20:5-44
MERGED from [:com.google.android.gms.play-services-base-16.0.1:] AndroidManifest.xml:20:5-44
MERGED from [:com.google.android.gms.play-services-basement-17.0.0:] AndroidManifest.xml:20:5-44
MERGED from [:com.google.android.gms.play-services-basement-17.0.0:] AndroidManifest.xml:20:5-44
MERGED from [:com.google.android.gms.play-services-drive-16.0.0:] AndroidManifest.xml:20:5-44
MERGED from [:com.google.android.gms.play-services-drive-16.0.0:] AndroidManifest.xml:20:5-44
MERGED from [:com.google.android.gms.play-services-games-17.0.0:] AndroidManifest.xml:20:5-44
MERGED from [:com.google.android.gms.play-services-games-17.0.0:] AndroidManifest.xml:20:5-44
MERGED from [:com.google.android.gms.play-services-gass-18.1.1:] AndroidManifest.xml:5:5-44
MERGED from [:com.google.android.gms.play-services-gass-18.1.1:] AndroidManifest.xml:5:5-44
MERGED from [:com.google.android.gms.play-services-measurement-17.0.0:] AndroidManifest.xml:20:5-44
MERGED from [:com.google.android.gms.play-services-measurement-17.0.0:] AndroidManifest.xml:20:5-44
MERGED from [:com.google.android.gms.play-services-measurement-base-17.0.0:] AndroidManifest.xml:5:5-44
MERGED from [:com.google.android.gms.play-services-measurement-base-17.0.0:] AndroidManifest.xml:5:5-44
MERGED from [:com.google.android.gms.play-services-measurement-impl-17.0.0:] AndroidManifest.xml:20:5-44
MERGED from [:com.google.android.gms.play-services-measurement-impl-17.0.0:] AndroidManifest.xml:20:5-44
MERGED from [:com.google.android.gms.play-services-measurement-sdk-17.0.0:] AndroidManifest.xml:20:5-44
MERGED from [:com.google.android.gms.play-services-measurement-sdk-17.0.0:] AndroidManifest.xml:20:5-44
MERGED from [:com.google.android.gms.play-services-measurement-sdk-api-17.0.0:] AndroidManifest.xml:20:5-44
MERGED from [:com.google.android.gms.play-services-measurement-sdk-api-17.0.0:] AndroidManifest.xml:20:5-44
MERGED from [:com.google.android.gms.play-services-nearby-16.0.0:] AndroidManifest.xml:5:5-44
MERGED from [:com.google.android.gms.play-services-nearby-16.0.0:] AndroidManifest.xml:5:5-44
MERGED from [:com.google.android.gms.play-services-stats-17.0.0:] AndroidManifest.xml:5:5-44
MERGED from [:com.google.android.gms.play-services-stats-17.0.0:] AndroidManifest.xml:5:5-44
MERGED from [:com.google.android.gms.play-services-tasks-16.0.1:] AndroidManifest.xml:5:5-44
MERGED from [:com.google.android.gms.play-services-tasks-16.0.1:] AndroidManifest.xml:5:5-44
MERGED from [:com.google.games.gpgs-plugin-support-0.9.64:] AndroidManifest.xml:7:5-44
MERGED from [:com.google.games.gpgs-plugin-support-0.9.64:] AndroidManifest.xml:7:5-44
MERGED from [:common:] AndroidManifest.xml:7:5-43
MERGED from [:common:] AndroidManifest.xml:7:5-43
MERGED from [:GoogleMobileAdsPlugin] AndroidManifest.xml:7:5-9:41
MERGED from [:GoogleMobileAdsPlugin] AndroidManifest.xml:7:5-9:41
MERGED from [:GooglePlayGamesManifest.plugin] AndroidManifest.xml:11:5-13:41
MERGED from [:GooglePlayGamesManifest.plugin] AndroidManifest.xml:11:5-13:41
MERGED from [:unity-android-resources] AndroidManifest.xml:7:5-47
MERGED from [:unity-android-resources] AndroidManifest.xml:7:5-47
INJECTED from src/main/AndroidManifest.xml
INJECTED from src/main/AndroidManifest.xml
	tools:overrideLibrary
		ADDED from [:com.google.android.gms.play-services-ads-18.1.1:] AndroidManifest.xml:23:9-49
	android:targetSdkVersion
		INJECTED from src/main/AndroidManifest.xml
		ADDED from src/main/AndroidManifest.xml
		INJECTED from src/main/AndroidManifest.xml
	android:minSdkVersion
		INJECTED from src/main/AndroidManifest.xml
		ADDED from src/main/AndroidManifest.xml
		MERGED from src/main/AndroidManifest.xml
		INJECTED from src/main/AndroidManifest.xml
uses-permission#com.android.vending.BILLING
ADDED from [:GooglePlay:] AndroidManifest.xml:12:5-67
	android:name
		ADDED from [:GooglePlay:] AndroidManifest.xml:12:22-64
uses-feature#android.software.vr.mode
ADDED from [:GooglePlay:] AndroidManifest.xml:14:5-16:36
	android:required
		ADDED from [:GooglePlay:] AndroidManifest.xml:16:9-33
	android:name
		ADDED from [:GooglePlay:] AndroidManifest.xml:15:9-48
uses-feature#android.software.vr.high_performance
ADDED from [:GooglePlay:] AndroidManifest.xml:18:5-20:36
	android:required
		ADDED from [:GooglePlay:] AndroidManifest.xml:20:9-33
	android:name
		ADDED from [:GooglePlay:] AndroidManifest.xml:19:9-60
activity#com.unity.purchasing.googleplay.PurchaseActivity
ADDED from [:GooglePlay:] AndroidManifest.xml:23:9-26:86
	android:configChanges
		ADDED from [:GooglePlay:] AndroidManifest.xml:25:13-170
	android:theme
		ADDED from [:GooglePlay:] AndroidManifest.xml:26:13-83
	android:name
		ADDED from [:GooglePlay:] AndroidManifest.xml:24:13-76
activity#com.unity.purchasing.googleplay.VRPurchaseActivity
ADDED from [:GooglePlay:] AndroidManifest.xml:27:9-37:20
	android:enableVrMode
		ADDED from [:GooglePlay:] AndroidManifest.xml:30:13-106
	android:configChanges
		ADDED from [:GooglePlay:] AndroidManifest.xml:29:13-170
	android:theme
		ADDED from [:GooglePlay:] AndroidManifest.xml:31:13-51
	android:name
		ADDED from [:GooglePlay:] AndroidManifest.xml:28:13-78
intent-filter#action:name:com.google.vr.vrcore.ACTION_NONE+category:name:com.google.intent.category.DAYDREAM
ADDED from [:GooglePlay:] AndroidManifest.xml:32:13-36:29
action#com.google.vr.vrcore.ACTION_NONE
ADDED from [:GooglePlay:] AndroidManifest.xml:33:17-75
	android:name
		ADDED from [:GooglePlay:] AndroidManifest.xml:33:25-72
category#com.google.intent.category.DAYDREAM
ADDED from [:GooglePlay:] AndroidManifest.xml:35:17-80
	android:name
		ADDED from [:GooglePlay:] AndroidManifest.xml:35:27-77
uses-permission#android.permission.ACCESS_NETWORK_STATE
ADDED from [:com.google.android.gms.play-services-ads-lite-18.1.1:] AndroidManifest.xml:21:3-77
MERGED from [:com.google.android.gms.play-services-measurement-17.0.0:] AndroidManifest.xml:24:5-79
MERGED from [:com.google.android.gms.play-services-measurement-17.0.0:] AndroidManifest.xml:24:5-79
MERGED from [:com.google.android.gms.play-services-measurement-impl-17.0.0:] AndroidManifest.xml:24:5-79
MERGED from [:com.google.android.gms.play-services-measurement-impl-17.0.0:] AndroidManifest.xml:24:5-79
MERGED from [:com.google.android.gms.play-services-measurement-sdk-api-17.0.0:] AndroidManifest.xml:24:5-79
MERGED from [:com.google.android.gms.play-services-measurement-sdk-api-17.0.0:] AndroidManifest.xml:24:5-79
MERGED from [:com.google.android.gms.play-services-nearby-16.0.0:] AndroidManifest.xml:7:5-79
MERGED from [:com.google.android.gms.play-services-nearby-16.0.0:] AndroidManifest.xml:7:5-79
	android:name
		ADDED from [:com.google.android.gms.play-services-ads-lite-18.1.1:] AndroidManifest.xml:21:20-74
activity#com.google.android.gms.ads.AdActivity
ADDED from [:com.google.android.gms.play-services-ads-lite-18.1.1:] AndroidManifest.xml:24:5-254
	android:exported
		ADDED from [:com.google.android.gms.play-services-ads-lite-18.1.1:] AndroidManifest.xml:24:178-202
	android:configChanges
		ADDED from [:com.google.android.gms.play-services-ads-lite-18.1.1:] AndroidManifest.xml:24:68-177
	android:theme
		ADDED from [:com.google.android.gms.play-services-ads-lite-18.1.1:] AndroidManifest.xml:24:203-251
	android:name
		ADDED from [:com.google.android.gms.play-services-ads-lite-18.1.1:] AndroidManifest.xml:24:15-67
provider#com.google.android.gms.ads.MobileAdsInitProvider
ADDED from [:com.google.android.gms.play-services-ads-lite-18.1.1:] AndroidManifest.xml:25:5-197
	android:authorities
		ADDED from [:com.google.android.gms.play-services-ads-lite-18.1.1:] AndroidManifest.xml:25:79-145
	android:exported
		ADDED from [:com.google.android.gms.play-services-ads-lite-18.1.1:] AndroidManifest.xml:25:146-170
	android:initOrder
		ADDED from [:com.google.android.gms.play-services-ads-lite-18.1.1:] AndroidManifest.xml:25:171-194
	android:name
		ADDED from [:com.google.android.gms.play-services-ads-lite-18.1.1:] AndroidManifest.xml:25:15-78
activity#com.google.android.gms.auth.api.signin.internal.SignInHubActivity
ADDED from [:com.google.android.gms.play-services-auth-16.0.1:] AndroidManifest.xml:23:9-27:75
	android:excludeFromRecents
		ADDED from [:com.google.android.gms.play-services-auth-16.0.1:] AndroidManifest.xml:25:13-46
	android:exported
		ADDED from [:com.google.android.gms.play-services-auth-16.0.1:] AndroidManifest.xml:26:13-37
	android:theme
		ADDED from [:com.google.android.gms.play-services-auth-16.0.1:] AndroidManifest.xml:27:13-72
	android:name